<?xml version="1.0" encoding="UTF-8"?>
<!-- Generated by org.testng.reporters.JUnitReportReporter -->
<testsuite hostname="DESKTOP-UHP2DP5" failures="0" tests="1" name="com.webTable.WebTable_FristRowofFristCell_GetCityName" time="0.091" errors="0" timestamp="2023-12-19T11:28:54 IST" skipped="0">
  <testcase classname="com.webTable.WebTable_FristRowofFristCell_GetCityName" name="getCityName" time="0.091"/>
  <system-out/>
</testsuite> <!-- com.webTable.WebTable_FristRowofFristCell_GetCityName -->
