<?xml version="1.0" encoding="UTF-8"?>
<!-- Generated by org.testng.reporters.JUnitReportReporter -->
<testsuite hostname="DESKTOP-UHP2DP5" failures="0" tests="1" name="com.Basicjava.MyFirstJavaProgram" time="0.018" errors="0" timestamp="2023-10-16T10:22:05 IST" skipped="0">
  <testcase classname="com.Basicjava.MyFirstJavaProgram" name="setup" time="0.018"/>
  <system-out/>
</testsuite> <!-- com.Basicjava.MyFirstJavaProgram -->
