<?xml version="1.0" encoding="UTF-8"?>
<!-- Generated by org.testng.reporters.JUnitReportReporter -->
<testsuite hostname="DESKTOP-UHP2DP5" failures="0" tests="1" name="com.webTable.WebTable_CapturingFristColumnCityName" time="1.625" errors="0" timestamp="2023-12-19T12:11:47 IST" skipped="0">
  <testcase classname="com.webTable.WebTable_CapturingFristColumnCityName" name="WebTable_CapturingFristColumnCityName" time="1.625"/>
  <system-out/>
</testsuite> <!-- com.webTable.WebTable_CapturingFristColumnCityName -->
