<?xml version="1.0" encoding="UTF-8"?>
<!-- Generated by org.testng.reporters.JUnitReportReporter -->
<testsuite hostname="DESKTOP-UHP2DP5" failures="0" tests="1" name="com.Xpath.InstagramLogInTest" time="23.197" errors="0" timestamp="2024-01-03T11:45:25 IST" skipped="0">
  <testcase classname="com.Xpath.InstagramLogInTest" name="InstagramLogInTest" time="23.197"/>
  <system-out/>
</testsuite> <!-- com.Xpath.InstagramLogInTest -->
